<?xml version="1.0" encoding="UTF-8"?>
<!-- Generated by org.testng.reporters.JUnitReportReporter -->
<testsuite skipped="0" hostname="01hw521025" name="com.scenarions.WiniumTest" tests="1" failures="0" timestamp="31 Jul 2019 07:54:32 GMT" time="52.949" errors="0">
  <testcase name="test1" time="52.949" classname="com.scenarions.WiniumTest"/>
</testsuite> <!-- com.scenarions.WiniumTest -->
