<?xml version="1.0" encoding="UTF-8"?>
<!-- Generated by org.testng.reporters.JUnitReportReporter -->
<testsuite skipped="0" hostname="01HW539330" name="com.scenarions.LoginTest" tests="1" failures="0" timestamp="14 May 2019 09:47:49 GMT" time="23.552" errors="0">
  <testcase name="login" time="23.552" classname="com.scenarions.LoginTest"/>
</testsuite> <!-- com.scenarions.LoginTest -->
