<?xml version="1.0" encoding="UTF-8"?>
<!-- Generated by org.testng.reporters.JUnitReportReporter -->
<testsuite skipped="0" hostname="01HW1057095" name="com.scenarions.GPL_Reg_Test2" tests="1" failures="0" timestamp="16 Jul 2019 07:09:16 GMT" time="76.274" errors="0">
  <testcase name="Registration" time="76.274" classname="com.scenarions.GPL_Reg_Test2"/>
</testsuite> <!-- com.scenarions.GPL_Reg_Test2 -->
