<?xml version="1.0" encoding="UTF-8"?>
<!-- Generated by org.testng.reporters.JUnitReportReporter -->
<testsuite skipped="0" hostname="DESKTOP-UFKSKVF" name="com.tests.CreateProspectTest" tests="1" failures="0" timestamp="22 Feb 2022 18:34:44 GMT" time="21.948" errors="0">
  <testcase name="verifyProspect" time="21.948" classname="com.tests.CreateProspectTest"/>
</testsuite> <!-- com.tests.CreateProspectTest -->
