<?xml version="1.0" encoding="UTF-8"?>
<!-- Generated by org.testng.reporters.JUnitReportReporter -->
<testsuite skipped="0" hostname="01VD0028720" name="com.tests.LinksTest" tests="1" failures="0" timestamp="17 Jun 2020 06:57:39 GMT" time="76.725" errors="0">
  <testcase name="linksTest" time="76.725" classname="com.tests.LinksTest"/>
</testsuite> <!-- com.tests.LinksTest -->
