<?xml version="1.0" encoding="UTF-8"?>
<!-- Generated by org.testng.reporters.JUnitReportReporter -->
<testsuite skipped="0" hostname="01VD0028720" name="com.tests.WorkListTest" tests="1" failures="0" timestamp="18 Jun 2020 07:38:17 GMT" time="42.937" errors="0">
  <testcase name="WorkList" time="42.937" classname="com.tests.WorkListTest"/>
</testsuite> <!-- com.tests.WorkListTest -->
