<?xml version="1.0" encoding="UTF-8"?>
<!-- Generated by org.testng.reporters.JUnitReportReporter -->
<testsuite skipped="0" hostname="01HW1398926" name="com.tests.NBFC_POC_Login" tests="1" failures="0" timestamp="18 Dec 2019 11:15:27 GMT" time="38.365" errors="0">
  <testcase name="logInTest" time="38.365" classname="com.tests.NBFC_POC_Login"/>
</testsuite> <!-- com.tests.NBFC_POC_Login -->
