<?xml version="1.0" encoding="UTF-8"?>
<!-- Generated by org.testng.reporters.JUnitReportReporter -->
<testsuite skipped="0" hostname="01HW1398926" name="com.tests.Testing" tests="1" failures="0" timestamp="12 Jan 2020 08:15:45 GMT" time="19.867" errors="0">
  <testcase name="test2" time="19.867" classname="com.tests.Testing"/>
</testsuite> <!-- com.tests.Testing -->
