<?xml version="1.0" encoding="UTF-8"?>
<!-- Generated by org.testng.reporters.JUnitReportReporter -->
<testsuite skipped="0" hostname="01hw521025" name="com.utilities.PDFReader" tests="1" failures="0" timestamp="16 Nov 2018 07:21:47 GMT" time="0.609" errors="0">
  <testcase name="readPDF" time="0.609" classname="com.utilities.PDFReader"/>
</testsuite> <!-- com.utilities.PDFReader -->
