<?xml version="1.0" encoding="UTF-8"?>
<!-- Generated by org.testng.reporters.JUnitReportReporter -->
<testsuite skipped="0" hostname="01VD0028720" name="com.tests.PostAPITest" tests="1" failures="0" timestamp="17 Aug 2020 12:59:25 GMT" time="6.344" errors="0">
  <testcase name="postTest" time="6.344" classname="com.tests.PostAPITest"/>
</testsuite> <!-- com.tests.PostAPITest -->
