<?xml version="1.0" encoding="UTF-8"?>
<!-- Generated by org.testng.reporters.JUnitReportReporter -->
<testsuite skipped="0" hostname="01HW1398926" name="com.tests.RegistrationAlreadyExists" tests="1" failures="0" timestamp="18 Feb 2020 12:13:49 GMT" time="46.370" errors="0">
  <testcase name="registrationExistsTest" time="46.370" classname="com.tests.RegistrationAlreadyExists"/>
</testsuite> <!-- com.tests.RegistrationAlreadyExists -->
