<?xml version="1.0" encoding="UTF-8"?>
<!-- Generated by org.testng.reporters.JUnitReportReporter -->
<testsuite skipped="1" hostname="01VD0028720" name="com.tests.MyDiaryTest" tests="2" failures="0" timestamp="15 Jun 2020 06:47:29 GMT" time="20.565" errors="0">
  <testcase name="mydiaryTest" time="20.565" classname="com.tests.MyDiaryTest"/>
  <testcase name="mydiaryFilterTest" classname="com.tests.MyDiaryTest">
    <skipped/>
  </testcase> <!-- mydiaryFilterTest -->
</testsuite> <!-- com.tests.MyDiaryTest -->
