<?xml version="1.0" encoding="UTF-8"?>
<!-- Generated by org.testng.reporters.JUnitReportReporter -->
<testsuite skipped="0" hostname="01VD0028720" name="com.tests.UserApprovalTest" tests="1" failures="0" timestamp="17 Jun 2020 16:54:08 GMT" time="45.176" errors="0">
  <testcase name="userApproval" time="45.176" classname="com.tests.UserApprovalTest"/>
</testsuite> <!-- com.tests.UserApprovalTest -->
