<?xml version="1.0" encoding="UTF-8"?>
<!-- Generated by org.testng.reporters.JUnitReportReporter -->
<testsuite skipped="0" hostname="DESKTOP-UFKSKVF" name="com.tests.GridTest3" tests="1" failures="0" timestamp="30 May 2021 07:29:09 GMT" time="28.315" errors="0">
  <testcase name="test1" time="28.315" classname="com.tests.GridTest3"/>
</testsuite> <!-- com.tests.GridTest3 -->
