<?xml version="1.0" encoding="UTF-8"?>
<!-- Generated by org.testng.reporters.JUnitReportReporter -->
<testsuite skipped="0" hostname="01HW1398926" name="com.tests.PoolAlreadyExists" tests="1" failures="0" timestamp="18 Feb 2020 11:47:39 GMT" time="26.821" errors="0">
  <testcase name="verifyAlreadyCreatedPool" time="26.821" classname="com.tests.PoolAlreadyExists"/>
</testsuite> <!-- com.tests.PoolAlreadyExists -->
