<?xml version="1.0" encoding="UTF-8"?>
<!-- Generated by org.testng.reporters.JUnitReportReporter -->
<testsuite skipped="0" hostname="01HW1398926" name="com.tests.CreatePool" tests="1" failures="0" timestamp="18 Feb 2020 11:07:57 GMT" time="27.935" errors="0">
  <testcase name="verifyFetchandCreatePool" time="27.935" classname="com.tests.CreatePool"/>
</testsuite> <!-- com.tests.CreatePool -->
