<?xml version="1.0" encoding="UTF-8"?>
<!-- Generated by org.testng.reporters.JUnitReportReporter -->
<testsuite skipped="0" hostname="01VD0028720" name="com.tests.PerformanceTest" tests="1" failures="0" timestamp="17 Jun 2020 08:07:24 GMT" time="14.532" errors="0">
  <testcase name="performancePeriod" time="14.532" classname="com.tests.PerformanceTest"/>
</testsuite> <!-- com.tests.PerformanceTest -->
