<?xml version="1.0" encoding="UTF-8"?>
<!-- Generated by org.testng.reporters.JUnitReportReporter -->
<testsuite skipped="0" hostname="01HW1398926" name="com.tests.US2_011_Test" tests="1" failures="0" timestamp="03 Jan 2020 10:53:49 GMT" time="77.436" errors="0">
  <testcase name="changePwg" time="77.436" classname="com.tests.US2_011_Test"/>
</testsuite> <!-- com.tests.US2_011_Test -->
