<?xml version="1.0" encoding="UTF-8"?>
<!-- Generated by org.testng.reporters.JUnitReportReporter -->
<testsuite skipped="0" hostname="01HW1084981" name="com.scenarions.Demo2" tests="1" failures="0" timestamp="22 Nov 2019 10:06:38 GMT" time="0.009" errors="0">
  <testcase name="news" time="0.009" classname="com.scenarions.Demo2"/>
</testsuite> <!-- com.scenarions.Demo2 -->
