<?xml version="1.0" encoding="UTF-8"?>
<!-- Generated by org.testng.reporters.JUnitReportReporter -->
<testsuite skipped="0" hostname="01HW1398926" name="com.tests.UserActivationTest" tests="1" failures="0" timestamp="25 Feb 2020 11:26:20 GMT" time="20.495" errors="0">
  <testcase name="userActivation" time="20.495" classname="com.tests.UserActivationTest"/>
</testsuite> <!-- com.tests.UserActivationTest -->
