<?xml version="1.0" encoding="UTF-8"?>
<!-- Generated by org.testng.reporters.JUnitReportReporter -->
<testsuite skipped="0" hostname="01HW1398926" name="com.tests.NBFC_POC_LoginTest" tests="1" failures="0" timestamp="02 Jan 2020 07:12:46 GMT" time="44.765" errors="0">
  <testcase name="logInTest" time="44.765" classname="com.tests.NBFC_POC_LoginTest"/>
</testsuite> <!-- com.tests.NBFC_POC_LoginTest -->
