<?xml version="1.0" encoding="UTF-8"?>
<!-- Generated by org.testng.reporters.JUnitReportReporter -->
<testsuite skipped="0" hostname="01VD0028720" name="com.tests.ChannelPartnerRegistrationTest" tests="1" failures="0" timestamp="17 Jun 2020 08:09:05 GMT" time="13.945" errors="0">
  <testcase name="channelPartReg" time="13.945" classname="com.tests.ChannelPartnerRegistrationTest"/>
</testsuite> <!-- com.tests.ChannelPartnerRegistrationTest -->
