<?xml version="1.0" encoding="UTF-8"?>
<!-- Generated by org.testng.reporters.JUnitReportReporter -->
<testsuite skipped="0" hostname="01VD0028720" name="AttendenceTest" tests="1" failures="0" timestamp="15 Jun 2020 12:41:34 GMT" time="41.347" errors="0">
  <testcase name="attendenceTest" time="41.347" classname="AttendenceTest"/>
</testsuite> <!-- AttendenceTest -->
