<?xml version="1.0" encoding="UTF-8"?>
<!-- Generated by org.testng.reporters.JUnitReportReporter -->
<testsuite skipped="0" hostname="01hw521025" name="com.pnr.IndigoTest" tests="1" failures="0" timestamp="16 Nov 2018 09:51:18 GMT" time="1.092" errors="0">
  <testcase name="readPNRfile" time="1.092" classname="com.pnr.IndigoTest"/>
</testsuite> <!-- com.pnr.IndigoTest -->
