<?xml version="1.0" encoding="UTF-8"?>
<!-- Generated by org.testng.reporters.JUnitReportReporter -->
<testsuite skipped="0" hostname="01HW1398926" name="com.tests.GoogleText" tests="1" failures="0" timestamp="04 Feb 2020 15:36:59 GMT" time="10.113" errors="0">
  <testcase name="googleTest" time="10.113" classname="com.tests.GoogleText"/>
</testsuite> <!-- com.tests.GoogleText -->
