<?xml version="1.0" encoding="UTF-8"?>
<!-- Generated by org.testng.reporters.JUnitReportReporter -->
<testsuite skipped="0" hostname="01HW1398926" name="com.tests.US2_009_Test" tests="1" failures="0" timestamp="03 Jan 2020 10:15:17 GMT" time="131.982" errors="0">
  <testcase name="registerLink" time="131.982" classname="com.tests.US2_009_Test"/>
</testsuite> <!-- com.tests.US2_009_Test -->
