<?xml version="1.0" encoding="UTF-8"?>
<!-- Generated by org.testng.reporters.JUnitReportReporter -->
<testsuite skipped="1" hostname="01VD0028650" name="com.tests.RegistrationMandatoryTest" tests="1" failures="0" timestamp="06 Apr 2020 07:02:20 GMT" time="0.000" errors="0">
  <testcase name="verifyMandatoryfields" time="0.000" classname="com.tests.RegistrationMandatoryTest">
    <skipped/>
  </testcase> <!-- verifyMandatoryfields -->
</testsuite> <!-- com.tests.RegistrationMandatoryTest -->
