<?xml version="1.0" encoding="UTF-8"?>
<!-- Generated by org.testng.reporters.JUnitReportReporter -->
<testsuite skipped="0" hostname="01HW1398926" name="com.tests.NBHCRegistrationTest" tests="1" failures="0" timestamp="18 Dec 2019 08:50:37 GMT" time="30.256" errors="0">
  <testcase name="RegTest" time="30.256" classname="com.tests.NBHCRegistrationTest"/>
</testsuite> <!-- com.tests.NBHCRegistrationTest -->
