<?xml version="1.0" encoding="UTF-8"?>
<!-- Generated by org.testng.reporters.JUnitReportReporter -->
<testsuite skipped="0" hostname="01HW1398926" name="com.tests.Test" tests="1" failures="0" timestamp="16 Jan 2020 07:30:32 GMT" time="52.905" errors="0">
  <testcase name="verifyMandatoryfield" time="52.905" classname="com.tests.Test"/>
</testsuite> <!-- com.tests.Test -->
