<?xml version="1.0" encoding="UTF-8"?>
<!-- Generated by org.testng.reporters.JUnitReportReporter -->
<testsuite skipped="0" hostname="01HW1398926" name="com.tests.US2_020_Test" tests="1" failures="0" timestamp="03 Jan 2020 14:04:42 GMT" time="39.402" errors="0">
  <testcase name="changePwg" time="39.402" classname="com.tests.US2_020_Test"/>
</testsuite> <!-- com.tests.US2_020_Test -->
