<?xml version="1.0" encoding="UTF-8"?>
<!-- Generated by org.testng.reporters.JUnitReportReporter -->
<testsuite skipped="0" hostname="01HW1398926" name="com.tests.RegistrationMandatory" tests="1" failures="0" timestamp="18 Feb 2020 12:40:44 GMT" time="33.997" errors="0">
  <testcase name="verifyMandatoryfields" time="33.997" classname="com.tests.RegistrationMandatory"/>
</testsuite> <!-- com.tests.RegistrationMandatory -->
