<?xml version="1.0" encoding="UTF-8"?>
<!-- Generated by org.testng.reporters.JUnitReportReporter -->
<testsuite skipped="1" hostname="01HW1398926" name="com.tests.NBFC_POC_ForgotPwdTest" tests="2" failures="0" timestamp="18 Jan 2020 10:13:50 GMT" time="48.771" errors="0">
  <testcase name="forgotPwd" time="48.771" classname="com.tests.NBFC_POC_ForgotPwdTest"/>
  <testcase name="changePwg" classname="com.tests.NBFC_POC_ForgotPwdTest">
    <skipped/>
  </testcase> <!-- changePwg -->
</testsuite> <!-- com.tests.NBFC_POC_ForgotPwdTest -->
