<?xml version="1.0" encoding="UTF-8"?>
<!-- Generated by org.testng.reporters.JUnitReportReporter -->
<testsuite skipped="0" hostname="DESKTOP-UFKSKVF" name="com.tests.Extent" tests="1" failures="0" timestamp="27 Mar 2022 07:38:51 GMT" time="2.171" errors="0">
  <testcase name="Reports" time="2.171" classname="com.tests.Extent"/>
</testsuite> <!-- com.tests.Extent -->
