<?xml version="1.0" encoding="UTF-8"?>
<!-- Generated by org.testng.reporters.JUnitReportReporter -->
<testsuite skipped="0" hostname="01VD0028720" name="com.tests.AttendenceTest" tests="1" failures="0" timestamp="17 Jun 2020 07:23:30 GMT" time="40.645" errors="0">
  <testcase name="attendenceTest" time="40.645" classname="com.tests.AttendenceTest"/>
</testsuite> <!-- com.tests.AttendenceTest -->
