<?xml version="1.0" encoding="UTF-8"?>
<!-- Generated by org.testng.reporters.JUnitReportReporter -->
<testsuite skipped="0" hostname="01HW1398926" name="com.tests.US2_019_Test" tests="1" failures="0" timestamp="03 Jan 2020 11:53:50 GMT" time="39.591" errors="0">
  <testcase name="changePwg" time="39.591" classname="com.tests.US2_019_Test"/>
</testsuite> <!-- com.tests.US2_019_Test -->
