<?xml version="1.0" encoding="UTF-8"?>
<!-- Generated by org.testng.reporters.JUnitReportReporter -->
<testsuite skipped="1" hostname="01HW1057095" name="com.scenarions.GPL_POC2Test" tests="2" failures="0" timestamp="11 Jul 2019 11:34:02 GMT" time="11.483" errors="0">
  <testcase name="loginTest" time="11.483" classname="com.scenarions.GPL_POC2Test"/>
  <testcase name="ProjectsTest" classname="com.scenarions.GPL_POC2Test">
    <skipped/>
  </testcase> <!-- ProjectsTest -->
</testsuite> <!-- com.scenarions.GPL_POC2Test -->
