<?xml version="1.0" encoding="UTF-8"?>
<!-- Generated by org.testng.reporters.JUnitReportReporter -->
<testsuite skipped="0" hostname="01hw521025" name="com.scenarions.ImageRead" tests="1" failures="0" timestamp="29 Jul 2019 08:15:26 GMT" time="53.665" errors="1">
  <testcase name="readImg" time="53.665" classname="com.scenarions.ImageRead">
    <error type="net.sourceforge.tess4j.TesseractException" message="java.lang.RuntimeException: Unsupported image format. May need to install JAI Image I/O package.
https://github.com/jai-imageio/jai-imageio-core">
      <![CDATA[net.sourceforge.tess4j.TesseractException: java.lang.RuntimeException: Unsupported image format. May need to install JAI Image I/O package.
https://github.com/jai-imageio/jai-imageio-core
at net.sourceforge.tess4j.Tesseract.doOCR(Tesseract.java:245)
at net.sourceforge.tess4j.Tesseract.doOCR(Tesseract.java:194)
at com.scenarions.ImageRead.readImg(ImageRead.java:39)
at sun.reflect.NativeMethodAccessorImpl.invoke0(Native Method)
at sun.reflect.NativeMethodAccessorImpl.invoke(NativeMethodAccessorImpl.java:62)
at sun.reflect.DelegatingMethodAccessorImpl.invoke(DelegatingMethodAccessorImpl.java:43)
at java.lang.reflect.Method.invoke(Method.java:498)
at org.testng.internal.MethodInvocationHelper.invokeMethod(MethodInvocationHelper.java:124)
at org.testng.internal.Invoker.invokeMethod(Invoker.java:583)
at org.testng.internal.Invoker.invokeTestMethod(Invoker.java:719)
at org.testng.internal.Invoker.invokeTestMethods(Invoker.java:989)
at org.testng.internal.TestMethodWorker.invokeTestMethods(TestMethodWorker.java:125)
at org.testng.internal.TestMethodWorker.run(TestMethodWorker.java:109)
at org.testng.TestRunner.privateRun(TestRunner.java:648)
at org.testng.TestRunner.run(TestRunner.java:505)
at org.testng.SuiteRunner.runTest(SuiteRunner.java:455)
at org.testng.SuiteRunner.runSequentially(SuiteRunner.java:450)
at org.testng.SuiteRunner.privateRun(SuiteRunner.java:415)
at org.testng.SuiteRunner.run(SuiteRunner.java:364)
at org.testng.SuiteRunnerWorker.runSuite(SuiteRunnerWorker.java:52)
at org.testng.SuiteRunnerWorker.run(SuiteRunnerWorker.java:84)
at org.testng.TestNG.runSuitesSequentially(TestNG.java:1208)
at org.testng.TestNG.runSuitesLocally(TestNG.java:1137)
at org.testng.TestNG.runSuites(TestNG.java:1049)
at org.testng.TestNG.run(TestNG.java:1017)
at org.testng.remote.AbstractRemoteTestNG.run(AbstractRemoteTestNG.java:114)
at org.testng.remote.RemoteTestNG.initAndRun(RemoteTestNG.java:251)
at org.testng.remote.RemoteTestNG.main(RemoteTestNG.java:77)
Caused by: java.lang.RuntimeException: Unsupported image format. May need to install JAI Image I/O package.
https://github.com/jai-imageio/jai-imageio-core
at net.sourceforge.tess4j.Tesseract.doOCR(Tesseract.java:214)
... 27 more
]]>
    </error>
  </testcase> <!-- readImg -->
</testsuite> <!-- com.scenarions.ImageRead -->
