<?xml version="1.0" encoding="UTF-8"?>
<!-- Generated by org.testng.reporters.JUnitReportReporter -->
<testsuite skipped="0" hostname="01HW1398926" name="com.tests.RegistrationPreviousButton" tests="1" failures="0" timestamp="17 Jan 2020 06:38:03 GMT" time="21.072" errors="0">
  <testcase name="registrationTest" time="21.072" classname="com.tests.RegistrationPreviousButton"/>
</testsuite> <!-- com.tests.RegistrationPreviousButton -->
