<?xml version="1.0" encoding="UTF-8"?>
<!-- Generated by org.testng.reporters.JUnitReportReporter -->
<testsuite skipped="0" hostname="01HW1398926" name="com.tests.MenuLinksTest" tests="1" failures="0" timestamp="25 Feb 2020 10:58:34 GMT" time="50.616" errors="0">
  <testcase name="verifyPlatformLink" time="50.616" classname="com.tests.MenuLinksTest"/>
</testsuite> <!-- com.tests.MenuLinksTest -->
