<?xml version="1.0" encoding="UTF-8"?>
<!-- Generated by org.testng.reporters.JUnitReportReporter -->
<testsuite skipped="0" hostname="DESKTOP-UFKSKVF" name="com.tests.WomenTest" tests="1" failures="0" timestamp="24 Jun 2022 10:08:27 GMT" time="14.819" errors="1">
  <testcase name="womenProdSelection" time="14.819" classname="com.tests.WomenTest">
    <error type="java.lang.Error" message="Unresolved compilation problems: 
	The method reportPassLog(String) is undefined for the type ExtentReportConf
	The method reportPassLog(String) is undefined for the type ExtentReportConf
	The method reportPassLog(String) is undefined for the type ExtentReportConf
	The method reportPassLog(String) is undefined for the type ExtentReportConf
">
      <![CDATA[java.lang.Error: Unresolved compilation problems: 
The method reportPassLog(String) is undefined for the type ExtentReportConf
The method reportPassLog(String) is undefined for the type ExtentReportConf
The method reportPassLog(String) is undefined for the type ExtentReportConf
The method reportPassLog(String) is undefined for the type ExtentReportConf

at com.functions.LoginFunc.loginFunc(LoginFunc.java:17)
at com.tests.LoginTest.verifyLogin(LoginTest.java:15)
at com.functions.WomanFunc.selectProd(WomanFunc.java:23)
at com.tests.WomenTest.womenProdSelection(WomenTest.java:18)
at sun.reflect.NativeMethodAccessorImpl.invoke0(Native Method)
at sun.reflect.NativeMethodAccessorImpl.invoke(NativeMethodAccessorImpl.java:62)
at sun.reflect.DelegatingMethodAccessorImpl.invoke(DelegatingMethodAccessorImpl.java:43)
at java.lang.reflect.Method.invoke(Method.java:498)
at org.testng.internal.MethodInvocationHelper.invokeMethod(MethodInvocationHelper.java:124)
at org.testng.internal.Invoker.invokeMethod(Invoker.java:583)
at org.testng.internal.Invoker.invokeTestMethod(Invoker.java:719)
at org.testng.internal.Invoker.invokeTestMethods(Invoker.java:989)
at org.testng.internal.TestMethodWorker.invokeTestMethods(TestMethodWorker.java:125)
at org.testng.internal.TestMethodWorker.run(TestMethodWorker.java:109)
at java.util.concurrent.ThreadPoolExecutor.runWorker(ThreadPoolExecutor.java:1149)
at java.util.concurrent.ThreadPoolExecutor$Worker.run(ThreadPoolExecutor.java:624)
at java.lang.Thread.run(Thread.java:748)
]]>
    </error>
  </testcase> <!-- womenProdSelection -->
</testsuite> <!-- com.tests.WomenTest -->
