<?xml version="1.0" encoding="UTF-8"?>
<!-- Generated by org.testng.reporters.JUnitReportReporter -->
<testsuite skipped="0" hostname="01VD0028720" name="com.tests.SignUpTest" tests="1" failures="0" timestamp="05 Jun 2020 06:42:06 GMT" time="52.920" errors="0">
  <testcase name="SignUp" time="52.920" classname="com.tests.SignUpTest"/>
</testsuite> <!-- com.tests.SignUpTest -->
