<?xml version="1.0" encoding="UTF-8"?>
<!-- Generated by org.testng.reporters.JUnitReportReporter -->
<testsuite skipped="0" hostname="01HW1398926" name="com.tests.ManagePoolTest" tests="1" failures="0" timestamp="25 Feb 2020 10:56:11 GMT" time="51.488" errors="0">
  <testcase name="verifyByDeletingPoolDetails" time="51.488" classname="com.tests.ManagePoolTest"/>
</testsuite> <!-- com.tests.ManagePoolTest -->
