<?xml version="1.0" encoding="UTF-8"?>
<!-- Generated by org.testng.reporters.JUnitReportReporter -->
<testsuite hostname="DESKTOP-1GGKMTQ" failures="0" tests="2" name="com.tests.GoogleTest" time="18.050" errors="0" timestamp="2023-02-13T18:13:13 IST" skipped="1">
  <testcase classname="com.tests.GoogleTest" name="test5" time="18.050"/>
  <system-out/>
  <testcase classname="com.tests.GoogleTest" name="test4">
    <skipped/>
  </testcase> <!-- test4 -->
  <system-out/>
</testsuite> <!-- com.tests.GoogleTest -->
