<?xml version="1.0" encoding="UTF-8"?>
<!-- Generated by org.testng.reporters.JUnitReportReporter -->
<testsuite skipped="0" hostname="01VD0028720" name="com.tests.OurProductTest" tests="1" failures="0" timestamp="03 Jun 2020 12:23:23 GMT" time="334.779" errors="0">
  <testcase name="ourProduct" time="334.779" classname="com.tests.OurProductTest"/>
</testsuite> <!-- com.tests.OurProductTest -->
