<?xml version="1.0" encoding="UTF-8"?>
<!-- Generated by org.testng.reporters.JUnitReportReporter -->
<testsuite skipped="0" hostname="01VD0028720" name="com.tests.DashboardTest" tests="1" failures="0" timestamp="10 Jun 2020 11:41:31 GMT" time="338.700" errors="0">
  <testcase name="clickDashboardLink" time="338.700" classname="com.tests.DashboardTest"/>
</testsuite> <!-- com.tests.DashboardTest -->
