<?xml version="1.0" encoding="UTF-8"?>
<!-- Generated by org.testng.reporters.JUnitReportReporter -->
<testsuite skipped="0" hostname="01HW1084981" name="com.scenarions.GoogleTest" tests="1" failures="0" timestamp="25 Nov 2019 12:09:36 GMT" time="7.429" errors="0">
  <testcase name="googleTextTest" time="7.429" classname="com.scenarions.GoogleTest"/>
</testsuite> <!-- com.scenarions.GoogleTest -->
