<?xml version="1.0" encoding="UTF-8"?>
<!-- Generated by org.testng.reporters.JUnitReportReporter -->
<testsuite skipped="0" hostname="01HW1398926" name="com.tests.UserActivation" tests="1" failures="0" timestamp="18 Feb 2020 11:18:45 GMT" time="22.502" errors="0">
  <testcase name="userActivation" time="22.502" classname="com.tests.UserActivation"/>
</testsuite> <!-- com.tests.UserActivation -->
