<?xml version="1.0" encoding="UTF-8"?>
<!-- Generated by org.testng.reporters.JUnitReportReporter -->
<testsuite skipped="0" hostname="01HW1398926" name="com.tests.US2_022_Test" tests="1" failures="0" timestamp="04 Jan 2020 08:11:53 GMT" time="73.383" errors="0">
  <testcase name="changePwg" time="73.383" classname="com.tests.US2_022_Test"/>
</testsuite> <!-- com.tests.US2_022_Test -->
