<?xml version="1.0" encoding="UTF-8"?>
<!-- Generated by org.testng.reporters.JUnitReportReporter -->
<testsuite skipped="0" hostname="01HW1398926" name="com.utilities.TestngListeners" tests="1" failures="0" timestamp="25 Feb 2020 07:59:52 GMT" time="0.013" errors="0">
  <testcase name="main" time="0.013" classname="com.utilities.TestngListeners"/>
</testsuite> <!-- com.utilities.TestngListeners -->
