<?xml version="1.0" encoding="UTF-8"?>
<!-- Generated by org.testng.reporters.JUnitReportReporter -->
<testsuite skipped="0" hostname="01HW1398926" name="com.tests.RegistrationTest" tests="1" failures="0" timestamp="25 Feb 2020 08:45:14 GMT" time="80.623" errors="0">
  <testcase name="registrationTest" time="80.623" classname="com.tests.RegistrationTest"/>
</testsuite> <!-- com.tests.RegistrationTest -->
