<?xml version="1.0" encoding="UTF-8"?>
<!-- Generated by org.testng.reporters.JUnitReportReporter -->
<testsuite skipped="0" hostname="01HW1398926" name="com.tests.CreateUserTest" tests="1" failures="0" timestamp="25 Feb 2020 10:50:30 GMT" time="25.893" errors="0">
  <testcase name="userCreation" time="25.893" classname="com.tests.CreateUserTest"/>
</testsuite> <!-- com.tests.CreateUserTest -->
